<?xml version="1.0" encoding="UTF-8"?>
<testng-results skipped="0" failed="0" ignored="0" total="1" passed="1">
  <reporter-output>
  </reporter-output>
  <suite name="AppTest" duration-ms="57037" started-at="2021-06-04T18:54:09 GMT-06:00" finished-at="2021-06-04T18:55:06 GMT-06:00">
    <groups>
    </groups>
    <test name="Command line test" duration-ms="57037" started-at="2021-06-04T18:54:09 GMT-06:00" finished-at="2021-06-04T18:55:06 GMT-06:00">
      <class name="AppTest">
        <test-method status="PASS" signature="testHappyPath()[pri:0, instance:AppTest@4bec1f0c]" name="testHappyPath" duration-ms="56950" started-at="2021-06-04T18:54:09 GMT-06:00" finished-at="2021-06-04T18:55:06 GMT-06:00">
          <reporter-output>
          </reporter-output>
        </test-method> <!-- testHappyPath -->
      </class> <!-- AppTest -->
    </test> <!-- Command line test -->
  </suite> <!-- AppTest -->
</testng-results>
